         1         1             20        41198.6        41199.7        108.856       0.999162        0.00126
         1         2             20        41194.2        41197.3        314.814        0.99875        0.00189
         1         3             20        41186.4        41191.4        499.149       0.998242        0.00284
         1         4             20        41173.1        41181.5         828.65       0.997613        0.00426
         1         5             20          41162        41168.8        674.534       0.997062        0.00639
         2         1        18.1818        41139.8        41146.4        646.486       0.996434        0.00959
         2         2        18.1818          41129        41134.6        555.611       0.996149        0.01439
         2         3        18.1818          41129        41147.4        1821.75       0.995425        0.02159
         2         4        18.1818          41129          41188         5837.9        0.99376        0.03239
         2         5        18.1818          41129        41231.8        10173.6       0.990649        0.04859
         3         1        16.5289          41129        41263.4        13301.3       0.984911        0.07289
         3         2        16.5289          41129          41284        15344.8       0.977473        0.10934
         3         3        16.5289          41129        41287.1        15649.3       0.965993        0.16401
         3         4        16.5289          41129        41299.8          16905       0.949566        0.24602
         3         5        16.5289          41129        41301.4        17064.2       0.924557        0.36903
         4         1        15.0263          41129        41265.8        13544.5       0.879111        0.55355
         4         2        15.0263          41129        41263.1        13276.4       0.822727        0.83033
         4         3        15.0263          41129        41264.7        13434.5        0.74447         1.2455
         4         4        15.0263          41129        41263.3        13297.6       0.643947        1.86825
         4         5        15.0263          41129        41263.6        13325.8       0.527272        2.80238
         5         1        13.6603          41129        41236.8        10668.6       0.381869        4.20357
         5         2        13.6603          41129        41235.7        10560.9       0.501809        2.80238
         5         3        13.6603          41129        41236.4        10629.2       0.382109        4.20357
         5         4        13.6603          41129        41236.5        10643.6       0.501966        2.80238
         5         5        13.6603          41129        41236.3        10624.8       0.382117        4.20357
         6         1        12.4184          41129          41212        8214.73        0.47599        2.80238
         6         2        12.4184          41129        41211.4        8160.94       0.475904        2.80238
         6         3        12.4184          41129          41212        8218.76       0.475965        2.80238
         6         4        12.4184          41129        41211.4        8157.67       0.476286        2.80238
         6         5        12.4184          41129        41211.2        8134.52       0.476474        2.80238
         7         1        11.2895          41129        41190.2        6054.92       0.450657        2.80238
         7         2        11.2895          41129        41189.9        6029.73       0.450161        2.80238
         7         3        11.2895          41129        41189.9        6028.59       0.450679        2.80238
         7         4        11.2895          41129          41190        6042.59       0.450385        2.80238
         7         5        11.2895          41129        41190.3        6064.85       0.450912        2.80238
         8         1        10.2632          41129        41170.4        4095.91       0.425875        2.80238
         8         2        10.2632          41129        41170.5        4110.84       0.425609        2.80238
         8         3        10.2632          41129        41170.9        4147.18       0.425989        2.80238
         8         4        10.2632          41129        41170.6        4119.23       0.425565        2.80238
         8         5        10.2632          41129        41170.6        4118.86       0.425926        2.80238
         9         1        9.33015          41129        41153.5        2427.82       0.401934        2.80238
         9         2        9.33015          41129        41153.1        2384.06       0.401527        2.80238
         9         3        9.33015          41129        41153.7        2449.06        0.40187        2.80238
         9         4        9.33015          41129        41153.2        2396.48       0.401956        2.80238
         9         5        9.33015          41129          41153        2378.89       0.401525        2.80238
        10         1        8.48195        41117.5          41138        2026.13       0.377843        2.80238
        10         2        8.48195        41117.1        41138.1        2084.26       0.504527        1.86826
        10         3        8.48195        41117.1        41137.9         2065.8       0.377985        2.80239
        10         4        8.48195        41117.1        41138.1        2079.22       0.504507        1.86826
        10         5        8.48195        41117.1        41137.8        2052.68       0.378244        2.80239
        11         1        7.71087        41107.5        41123.9        1619.68       0.480258        1.86826
        11         2        7.71087        41106.4        41124.4        1778.26       0.480694        1.86826
        11         3        7.71087        41104.3        41124.4        1993.61       0.481543        1.86826
        11         4        7.71087        41104.3        41124.4        1992.94       0.480779        1.86826
        11         5        7.71087        41104.3        41124.7        2019.82       0.481292        1.86826
        12         1        7.00988        41096.1        41112.5        1624.39       0.457479        1.86826
        12         2        7.00988        41096.1        41112.5         1619.1       0.457653        1.86826
        12         3        7.00988        41096.1        41112.5        1617.69       0.458231        1.86826
        12         4        7.00988        41096.1        41112.1        1580.02       0.457705        1.86826
        12         5        7.00988        41096.1        41112.2        1591.97       0.457697        1.86826
        13         1        6.37262        41087.2        41101.8        1446.32       0.435145        1.86826
        13         2        6.37262        41087.2        41101.2        1388.14       0.434942        1.86826
        13         3        6.37262        41085.2        41101.1        1569.51       0.434844        1.86826
        13         4        6.37262        41085.2        41101.8         1643.6       0.435245        1.86826
        13         5        6.37262        41085.2        41101.4        1601.03       0.435099        1.86826
        14         1        5.79329        41079.7        41092.1        1231.06       0.412487        1.86826
        14         2        5.79329        41078.5          41092        1342.17        0.41249        1.86826
        14         3        5.79329        41078.5        41092.1        1351.73       0.413059        1.86826
        14         4        5.79329        41078.5          41092        1345.43       0.412454        1.86826
        14         5        5.79329        41078.5        41092.1        1347.98       0.412632        1.86826
        15         1        5.26663        41073.4        41083.8         1024.5        0.39092        1.86826
        15         2        5.26663        41072.7        41083.4        1064.79       0.523552        1.24551
        15         3        5.26663        41072.7        41083.5        1070.27       0.390992        1.86827
        15         4        5.26663        41071.8        41083.5        1159.92       0.523965        1.24552
        15         5        5.26663        41071.8        41083.5        1163.87       0.391014        1.86828
        16         1        4.78784        41065.8        41076.2        1034.69       0.502419        1.24552
        16         2        4.78784        41064.8        41076.2        1131.28       0.369962        1.86828
        16         3        4.78784        41064.8        41076.2        1127.67       0.501957        1.24552
        16         4        4.78784        41064.7        41076.1        1124.69        0.36952        1.86828
        16         5        4.78784        41064.7        41076.1        1121.57       0.502738        1.24552
        17         1        4.35258        41060.4        41069.4          895.5       0.349429        1.86828
        17         2        4.35258        41060.4        41069.4        898.021       0.480853        1.24552
        17         3        4.35258        41060.4        41069.6        914.241       0.481009        1.24552
        17         4        4.35258        41059.8        41069.7        978.371       0.480942        1.24552
        17         5        4.35258        41059.5        41069.6         1001.6       0.481156        1.24552
        18         1        3.95689        41055.8        41063.6        781.445       0.459972        1.24552
        18         2        3.95689        41055.8        41063.6        771.958       0.460141        1.24552
        18         3        3.95689        41055.8        41063.6        771.865       0.459571        1.24552
        18         4        3.95689        41055.8        41063.8        793.481       0.459715        1.24552
        18         5        3.95689        41055.8        41063.8        793.109       0.460251        1.24552
        19         1        3.59718        41050.5        41058.4        785.305       0.439086        1.24552
        19         2        3.59718        41050.5        41058.4        784.502       0.438771        1.24552
        19         3        3.59718        41050.5        41058.4        788.409       0.439223        1.24552
        19         4        3.59718        41050.5        41058.4        785.014        0.43921        1.24552
        19         5        3.59718        41050.5        41058.3        781.797        0.43908        1.24552
        20         1        3.27016          41048        41053.8        578.129       0.418577        1.24552
        20         2        3.27016        41047.3        41053.7        634.651       0.418791        1.24552
        20         3        3.27016        41047.2        41053.8        650.638       0.418427        1.24552
        20         4        3.27016        41047.2        41053.9         659.02       0.419042        1.24552
        20         5        3.27016          41046        41053.8        767.313       0.418411        1.24552
        21         1        2.97287        41043.8        41049.8        589.398       0.398832        1.24552
        21         2        2.97287        41043.8        41049.6        575.136       0.536314        0.83035
        21         3        2.97287        41043.7        41049.7        586.998       0.398419        1.24553
        21         4        2.97287        41043.7        41049.8        598.397       0.536553        0.83036
        21         5        2.97287        41043.6        41049.7        604.628       0.398393        1.24554
        22         1        2.70261        41040.3        41045.9        558.031       0.516419        0.83036
        22         2        2.70261        41040.3        41046.1        575.636       0.379342        1.24554
        22         3        2.70261        41040.3          41046        565.117       0.516302        0.83036
        22         4        2.70261        41040.3        41046.1        569.815       0.379163        1.24554
        22         5        2.70261        41040.3        41046.1        570.627       0.516337        0.83036
        23         1        2.45692        41038.2        41042.7        450.789       0.360013        1.24554
        23         2        2.45692        41038.2        41042.9        462.041        0.49749        0.83036
        23         3        2.45692        41038.2        41042.8        460.539       0.497154        0.83036
        23         4        2.45692        41038.2        41042.9        461.283       0.496611        0.83036
        23         5        2.45692        41037.9        41042.7        481.727       0.496675        0.83036
        24         1        2.23356        41035.9        41039.8        395.479       0.477378        0.83036
        24         2        2.23356        41035.6        41039.9        424.952       0.477291        0.83036
        24         3        2.23356        41035.3          41040        460.903       0.477696        0.83036
        24         4        2.23356        41035.3        41039.9          451.2       0.477752        0.83036
        24         5        2.23356        41035.3          41040        457.508       0.477467        0.83036
        25         1        2.03051        41032.9        41037.3        431.507       0.458302        0.83036
        25         2        2.03051        41032.9        41037.4        440.477       0.457883        0.83036
        25         3        2.03051        41032.9        41037.3        430.149       0.457946        0.83036
        25         4        2.03051        41032.9        41037.4        436.264       0.458062        0.83036
        25         5        2.03051        41032.9        41037.3        434.103         0.4579        0.83036
        26         1        1.84592        41031.4          41035         356.74       0.438444        0.83036
        26         2        1.84592        41031.4          41035        358.569       0.438839        0.83036
        26         3        1.84592        41031.4          41035        360.721        0.43873        0.83036
        26         4        1.84592        41031.3          41035        370.254       0.439183        0.83036
        26         5        1.84592        41031.2          41035        380.371       0.438833        0.83036
        27         1        1.67811          41030          41033        296.592       0.420454        0.83036
        27         2        1.67811          41030          41033        291.942       0.419644        0.83036
        27         3        1.67811          41030          41033        299.397       0.419989        0.83036
        27         4        1.67811        41029.9          41033         301.31       0.419997        0.83036
        27         5        1.67811        41029.7          41033        330.339       0.419463        0.83036
        28         1        1.52555        41028.3        41031.1        278.967       0.401612        0.83036
        28         2        1.52555        41028.3        41031.1        280.765       0.401868        0.83036
        28         3        1.52555        41027.9        41031.1        319.895       0.401714        0.83036
        28         4        1.52555        41027.9        41031.2        322.402       0.400991        0.83036
        28         5        1.52555        41027.9        41031.2        322.565       0.401783        0.83036
        29         1        1.38687        41026.7        41029.5        276.885       0.383094        0.83036
        29         2        1.38687        41026.6        41029.5        287.311       0.524065        0.55358
        29         3        1.38687        41026.6        41029.5        288.683       0.383526        0.83037
        29         4        1.38687        41026.6        41029.5        288.137        0.52382        0.55358
        29         5        1.38687        41026.6        41029.5        286.329       0.383147        0.83037
        30         1        1.26079        41025.6          41028        233.261       0.505584        0.55358
        30         2        1.26079        41025.3          41028        268.837       0.365703        0.83037
        30         3        1.26079        41025.3          41028        263.809       0.505633        0.55358
        30         4        1.26079        41025.3          41028        267.531       0.365365        0.83037
        30         5        1.26079        41025.3          41028        263.954         0.5055        0.55358
        31         1        1.14617        41024.5        41026.7        214.534       0.348769        0.83037
        31         2        1.14617        41024.5        41026.6        212.557       0.486619        0.55358
        31         3        1.14617        41024.5        41026.7        216.897       0.487423        0.55358
        31         4        1.14617        41024.5        41026.7        216.126       0.487635        0.55358
        31         5        1.14617        41024.5        41026.7        215.643       0.487319        0.55358
        32         1        1.04197        41023.6        41025.4        184.253       0.468667        0.55358
        32         2        1.04197        41023.4        41025.4         202.21       0.468402        0.55358
        32         3        1.04197        41023.4        41025.4        203.207       0.468734        0.55358
        32         4        1.04197        41023.2        41025.5        221.956        0.46925        0.55358
        32         5        1.04197        41023.2        41025.5        224.782       0.468944        0.55358
        33         1       0.947249        41022.7        41024.4        160.888       0.450376        0.55358
        33         2       0.947249        41022.6        41024.4         173.01       0.450258        0.55358
        33         3       0.947249        41022.6        41024.4        172.473        0.45025        0.55358
        33         4       0.947249        41022.6        41024.4        170.373       0.450566        0.55358
        33         5       0.947249        41022.6        41024.4        172.957       0.450661        0.55358
        34         1       0.861135        41021.8        41023.4        162.301       0.432476        0.55358
        34         2       0.861135        41021.8        41023.4        163.121       0.432608        0.55358
        34         3       0.861135        41021.7        41023.4         172.97       0.432594        0.55358
        34         4       0.861135        41021.7        41023.4        172.053       0.432599        0.55358
        34         5       0.861135        41021.7        41023.4         175.08       0.433102        0.55358
        35         1        0.78285        41021.2        41022.5        135.673       0.414536        0.55358
        35         2        0.78285        41021.2        41022.5        136.635       0.414035        0.55358
        35         3        0.78285          41021        41022.5        152.332       0.414584        0.55358
        35         4        0.78285          41021        41022.5        150.584       0.414517        0.55358
        35         5        0.78285          41021        41022.6         154.77       0.414843        0.55358
        36         1       0.711682        41020.4        41021.7        133.731         0.3969        0.55358
        36         2       0.711682        41020.4        41021.7        134.145       0.539444        0.36906
        36         3       0.711682        41020.4        41021.7        133.566       0.396793        0.55359
        36         4       0.711682        41020.4        41021.7         134.09        0.53961        0.36906
        36         5       0.711682        41020.4        41021.8        137.283       0.396813        0.55359
        37         1       0.646984        41019.8          41021        118.536       0.522209        0.36906
        37         2       0.646984        41019.7          41021        130.704       0.379926        0.55359
        37         3       0.646984        41019.7          41021        128.226       0.522348        0.36906
        37         4       0.646984        41019.7          41021        130.628       0.379327        0.55359
        37         5       0.646984        41019.7          41021        133.032       0.522149        0.36906
        38         1       0.588167        41019.3        41020.4        108.493       0.362714        0.55359
        38         2       0.588167        41019.2        41020.4        113.617       0.504159        0.36906
        38         3       0.588167        41019.2        41020.4        116.152       0.362885        0.55359
        38         4       0.588167        41019.2        41020.4        115.829        0.50397        0.36906
        38         5       0.588167        41019.2        41020.4        116.126       0.363233        0.55359
        39         1       0.534697          41019        41019.8        84.5568       0.486291        0.36906
        39         2       0.534697        41018.8        41019.8        99.4854       0.486527        0.36906
        39         3       0.534697        41018.8        41019.8        99.4339       0.486874        0.36906
        39         4       0.534697        41018.8        41019.8        101.535       0.486795        0.36906
        39         5       0.534697        41018.8        41019.8        100.326       0.486594        0.36906
        40         1       0.486088        41018.5        41019.3        82.9882       0.468592        0.36906
        40         2       0.486088        41018.4        41019.3        91.4938       0.468906        0.36906
        40         3       0.486088        41018.4        41019.3         92.303       0.468682        0.36906
        40         4       0.486088        41018.4        41019.3        91.2945       0.468985        0.36906
        40         5       0.486088        41018.4        41019.3        91.8222       0.468772        0.36906
        41         1       0.441899          41018        41018.8        78.5689       0.451298        0.36906
        41         2       0.441899          41018        41018.8        78.4836       0.451458        0.36906
        41         3       0.441899          41018        41018.8        84.4718       0.450895        0.36906
        41         4       0.441899          41018        41018.8        85.0925       0.450969        0.36906
        41         5       0.441899          41018        41018.8        84.0474       0.450911        0.36906
        42         1       0.401726        41017.7        41018.4        70.7243       0.433379        0.36906
        42         2       0.401726        41017.7        41018.4        71.8759       0.433946        0.36906
        42         3       0.401726        41017.7        41018.4        70.0601       0.433846        0.36906
        42         4       0.401726        41017.6        41018.4        77.7824       0.433619        0.36906
        42         5       0.401726        41017.6        41018.4         77.204       0.433245        0.36906
        43         1       0.365205        41017.3          41018        67.2741       0.415971        0.36906
        43         2       0.365205        41017.3          41018        65.2729       0.416131        0.36906
        43         3       0.365205        41017.3          41018        65.4155       0.415909        0.36906
        43         4       0.365205        41017.3          41018        65.4616       0.416374        0.36906
        43         5       0.365205        41017.3          41018         65.749        0.41629        0.36906
        44         1       0.332005        41017.1        41017.6        58.6814       0.398881        0.36906
        44         2       0.332005          41017        41017.6        63.1818       0.542627        0.24604
        44         3       0.332005          41017        41017.7        64.3427       0.399332        0.36906
        44         4       0.332005          41017        41017.6        63.0029       0.542864        0.24604
        44         5       0.332005          41017        41017.7        64.1251       0.399593        0.36906
        45         1       0.301823        41016.8        41017.3        54.1703       0.525632        0.24604
        45         2       0.301823        41016.8        41017.3        54.0788       0.382087        0.36906
        45         3       0.301823        41016.8        41017.3        54.4395       0.525499        0.24604
        45         4       0.301823        41016.8        41017.3        53.5626       0.382261        0.36906
        45         5       0.301823        41016.8        41017.3        54.9024       0.525426        0.24604
        46         1       0.274384        41016.5          41017        56.8302       0.365819        0.36906
        46         2       0.274384        41016.5          41017        57.0357       0.508219        0.24604
        46         3       0.274384        41016.5          41017        57.1938       0.365989        0.36906
        46         4       0.274384        41016.5          41017        57.2031       0.508278        0.24604
        46         5       0.274384        41016.5          41017        56.8175       0.365628        0.36906
        47         1        0.24944        41016.3        41016.8         45.368       0.490938        0.24604
        47         2        0.24944        41016.3        41016.8        46.4861       0.490797        0.24604
        47         3        0.24944        41016.2        41016.8        52.5486       0.490466        0.24604
        47         4        0.24944        41016.2        41016.8         51.722       0.490351        0.24604
        47         5        0.24944        41016.2        41016.8        52.2421       0.490666        0.24604
        48         1       0.226764        41016.1        41016.5        40.4271       0.473479        0.24604
        48         2       0.226764        41016.1        41016.6        41.0915        0.47318        0.24604
        48         3       0.226764        41016.1        41016.5        42.1359       0.473336        0.24604
        48         4       0.226764        41016.1        41016.5        41.5894        0.47303        0.24604
        48         5       0.226764        41016.1        41016.5        42.0622       0.473273        0.24604
        49         1       0.206149          41016        41016.3        30.2693       0.455993        0.24604
        49         2       0.206149          41016        41016.3         34.997       0.455848        0.24604
        49         3       0.206149          41016        41016.3        34.9083       0.456205        0.24604
        49         4       0.206149          41016        41016.3        34.7763       0.455699        0.24604
        49         5       0.206149        41015.9        41016.3        38.6742       0.456247        0.24604
        50         1       0.187408        41015.8        41016.1        33.8268       0.439023        0.24604
        50         2       0.187408        41015.8        41016.1        33.4608       0.438528        0.24604
        50         3       0.187408        41015.8        41016.1        38.0099        0.43865        0.24604
        50         4       0.187408        41015.8        41016.1        38.4493       0.438807        0.24604
        50         5       0.187408        41015.8        41016.1        37.4606       0.438379        0.24604
        51         1       0.170371        41015.7          41016        26.0523       0.421532        0.24604
        51         2       0.170371        41015.7          41016        28.9592       0.421636        0.24604
        51         3       0.170371        41015.7          41016        28.6617       0.421727        0.24604
        51         4       0.170371        41015.6          41016        30.5279       0.421696        0.24604
        51         5       0.170371        41015.6          41016        30.9924       0.421799        0.24604
        52         1       0.154883        41015.5        41015.8        24.6675       0.404408        0.24604
        52         2       0.154883        41015.5        41015.8        27.2917       0.404507        0.24604
        52         3       0.154883        41015.5        41015.8        27.4645       0.404467        0.24604
        52         4       0.154883        41015.5        41015.8        29.0709       0.404439        0.24604
        52         5       0.154883        41015.5        41015.8         29.136       0.405123        0.24604
        53         1       0.140803        41015.4        41015.6        24.8845       0.387295        0.24604
        53         2       0.140803        41015.4        41015.7        25.0726       0.531753        0.16403
        53         3       0.140803        41015.4        41015.7        25.3061       0.387931        0.24605
        53         4       0.140803        41015.4        41015.6        24.7115       0.531483        0.16404
        53         5       0.140803        41015.4        41015.6        25.4482       0.387504        0.24606
        54         1       0.128002        41015.3        41015.5        20.5256       0.514726        0.16404
        54         2       0.128002        41015.3        41015.5        20.9573       0.371079        0.24606
        54         3       0.128002        41015.3        41015.5        22.4349       0.514815        0.16404
        54         4       0.128002        41015.3        41015.5        22.7787       0.371544        0.24606
        54         5       0.128002        41015.3        41015.5        26.3808       0.515051        0.16404
        55         1       0.116366        41015.2        41015.4        18.6108       0.355019        0.24606
        55         2       0.116366        41015.2        41015.4          21.72       0.497278        0.16404
        55         3       0.116366        41015.2        41015.4        21.5865       0.497067        0.16404
        55         4       0.116366        41015.2        41015.4        21.7807       0.497158        0.16404
        55         5       0.116366        41015.2        41015.4        21.6277       0.497443        0.16404
        56         1       0.105787        41015.1        41015.3         18.225       0.479886        0.16404
        56         2       0.105787        41015.1        41015.3        18.1562       0.480221        0.16404
        56         3       0.105787        41015.1        41015.3        18.5587       0.480135        0.16404
        56         4       0.105787        41015.1        41015.3        18.2771       0.479837        0.16404
        56         5       0.105787        41015.1        41015.3        18.1989       0.480317        0.16404
        57         1        0.09617          41015        41015.2        17.3061       0.462597        0.16404
        57         2        0.09617          41015        41015.2        17.4648       0.462533        0.16404
        57         3        0.09617          41015        41015.2        17.5876       0.463147        0.16404
        57         4        0.09617          41015        41015.2        17.6493       0.462525        0.16404
        57         5        0.09617          41015        41015.2        17.8445        0.46283        0.16404
        58         1      0.0874273        41014.9        41015.1        15.4924       0.445785        0.16404
        58         2      0.0874273        41014.9        41015.1        16.0494       0.445188        0.16404
        58         3      0.0874273        41014.9        41015.1        15.9066       0.445424        0.16404
        58         4      0.0874273        41014.9        41015.1        16.1231       0.445564        0.16404
        58         5      0.0874273        41014.9        41015.1         16.389       0.445824        0.16404
        59         1      0.0794793        41014.9          41015        16.2842        0.42882        0.16404
        59         2      0.0794793        41014.9          41015        16.0732       0.428464        0.16404
        59         3      0.0794793        41014.9          41015        16.1857       0.428542        0.16404
        59         4      0.0794793        41014.9          41015        16.0067       0.428448        0.16404
        59         5      0.0794793        41014.9          41015        16.1994       0.428685        0.16404
        60         1      0.0722539        41014.8        41014.9        11.6739       0.411071        0.16404
        60         2      0.0722539        41014.8        41014.9        12.6316       0.411728        0.16404
        60         3      0.0722539        41014.8        41014.9        12.7222       0.410884        0.16404
        60         4      0.0722539        41014.8        41014.9        12.6812       0.411439        0.16404
        60         5      0.0722539        41014.8        41014.9         12.776       0.411455        0.16404
        61         1      0.0656854        41014.8        41014.9        10.5081       0.394387        0.16404
        61         2      0.0656854        41014.8        41014.9        11.8712       0.539107        0.10936
        61         3      0.0656854        41014.8        41014.9        12.1558       0.394973        0.16404
        61         4      0.0656854        41014.8        41014.9        12.0828       0.538536        0.10936
        61         5      0.0656854        41014.8        41014.9        11.8176       0.394902        0.16404
        62         1       0.059714        41014.7        41014.8        9.93631       0.522385        0.10936
        62         2       0.059714        41014.7        41014.8        11.4914       0.378824        0.16404
        62         3       0.059714        41014.7        41014.8        11.4293       0.522565        0.10936
        62         4       0.059714        41014.7        41014.8        11.7616       0.378882        0.16404
        62         5       0.059714        41014.7        41014.8        11.6315       0.522476        0.10936
        63         1      0.0542855        41014.7        41014.8         9.5496       0.362665        0.16404
        63         2      0.0542855        41014.7        41014.8        9.51347       0.505231        0.10936
        63         3      0.0542855        41014.7        41014.8        10.7688       0.362419        0.16404
        63         4      0.0542855        41014.7        41014.8        10.9661       0.505477        0.10936
        63         5      0.0542855        41014.7        41014.8        10.6316       0.362164        0.16404
        64         1      0.0493504        41014.6        41014.7        8.37054       0.488009        0.10936
        64         2      0.0493504        41014.6        41014.7        8.29072       0.488176        0.10936
        64         3      0.0493504        41014.6        41014.7        8.64784       0.488097        0.10936
        64         4      0.0493504        41014.6        41014.7         8.7644       0.487943        0.10936
        64         5      0.0493504        41014.6        41014.7        8.63531       0.487819        0.10936
        65         1       0.044864        41014.6        41014.7        7.47639       0.471052        0.10936
        65         2       0.044864        41014.6        41014.7        7.55168       0.470649        0.10936
        65         3       0.044864        41014.6        41014.7        7.57342       0.470974        0.10936
        65         4       0.044864        41014.6        41014.7        7.62727        0.47102        0.10936
        65         5       0.044864        41014.6        41014.7        7.82843       0.470375        0.10936
        66         1      0.0407855        41014.6        41014.6        7.25084       0.453683        0.10936
        66         2      0.0407855        41014.6        41014.6        7.09924        0.45364        0.10936
        66         3      0.0407855        41014.6        41014.6        7.34973        0.45355        0.10936
        66         4      0.0407855        41014.6        41014.6         7.3347       0.453527        0.10936
        66         5      0.0407855        41014.6        41014.6        7.51098       0.454037        0.10936
        67         1      0.0370777        41014.5        41014.6         5.6971        0.43628        0.10936
        67         2      0.0370777        41014.5        41014.6        6.38762       0.436665        0.10936
        67         3      0.0370777        41014.5        41014.6        6.66259        0.43675        0.10936
        67         4      0.0370777        41014.5        41014.6        6.67211        0.43666        0.10936
        67         5      0.0370777        41014.5        41014.6        6.63741        0.43662        0.10936
        68         1       0.033707        41014.5        41014.6        5.56198       0.419431        0.10936
        68         2       0.033707        41014.5        41014.6        5.58799       0.419649        0.10936
        68         3       0.033707        41014.5        41014.6         5.5512       0.419384        0.10936
        68         4       0.033707        41014.5        41014.6        7.22404       0.419891        0.10936
        68         5       0.033707        41014.5        41014.6        7.08494       0.419044        0.10936
        69         1      0.0306427        41014.5        41014.5        4.92098       0.402711        0.10936
        69         2      0.0306427        41014.5        41014.5        5.13204       0.402878        0.10936
        69         3      0.0306427        41014.5        41014.5        5.51694       0.402902        0.10936
        69         4      0.0306427        41014.5        41014.5        5.54673        0.40249        0.10936
        69         5      0.0306427        41014.5        41014.5        5.52183       0.402561        0.10936
        70         1       0.027857        41014.5        41014.5        4.38588       0.385858        0.10936
        70         2       0.027857        41014.4        41014.5        4.82594       0.530038        0.07291
        70         3       0.027857        41014.4        41014.5         4.7708       0.386138        0.10937
        70         4       0.027857        41014.4        41014.5        5.02896       0.530529        0.07292
        70         5       0.027857        41014.4        41014.5        5.07989       0.385909        0.10938
        71         1      0.0253246        41014.4        41014.5        4.55391       0.513035        0.07292
        71         2      0.0253246        41014.4        41014.5        4.63019       0.369977        0.10938
        71         3      0.0253246        41014.4        41014.5        4.54189        0.51323        0.07292
        71         4      0.0253246        41014.4        41014.5        4.69849       0.370076        0.10938
        71         5      0.0253246        41014.4        41014.5        4.57934       0.513248        0.07292
        72         1      0.0230223        41014.4        41014.4        4.27221       0.353624        0.10938
        72         2      0.0230223        41014.4        41014.4        4.31727       0.495983        0.07292
        72         3      0.0230223        41014.4        41014.4        4.33814       0.495917        0.07292
        72         4      0.0230223        41014.4        41014.4        4.31132       0.496007        0.07292
        72         5      0.0230223        41014.4        41014.4        4.41403       0.496198        0.07292
        73         1      0.0209294        41014.4        41014.4        3.77539       0.479061        0.07292
        73         2      0.0209294        41014.4        41014.4        3.75074       0.479294        0.07292
        73         3      0.0209294        41014.4        41014.4        3.80765       0.478728        0.07292
        73         4      0.0209294        41014.4        41014.4        3.78904       0.478773        0.07292
        73         5      0.0209294        41014.4        41014.4        3.78336       0.478882        0.07292
        74         1      0.0190267        41014.4        41014.4        3.07824       0.461817        0.07292
        74         2      0.0190267        41014.4        41014.4        3.21935       0.461987        0.07292
        74         3      0.0190267        41014.4        41014.4        3.34549       0.461672        0.07292
        74         4      0.0190267        41014.4        41014.4        3.34071       0.462518        0.07292
        74         5      0.0190267        41014.4        41014.4        3.34427       0.461877        0.07292
        75         1       0.017297        41014.4        41014.4        3.02629       0.444222        0.07292
        75         2       0.017297        41014.4        41014.4        3.04683       0.445004        0.07292
        75         3       0.017297        41014.4        41014.4         3.0243       0.444666        0.07292
        75         4       0.017297        41014.4        41014.4        3.03287       0.444771        0.07292
        75         5       0.017297        41014.4        41014.4        3.36682       0.444592        0.07292
        76         1      0.0157246        41014.4        41014.4        2.45959       0.427561        0.07292
        76         2      0.0157246        41014.4        41014.4        2.46296       0.427114        0.07292
        76         3      0.0157246        41014.3        41014.4        2.59308       0.427293        0.07292
        76         4      0.0157246        41014.3        41014.4        2.75166       0.427669        0.07292
        76         5      0.0157246        41014.3        41014.4        2.70498       0.427771        0.07292
        77         1      0.0142951        41014.3        41014.4        2.31163       0.410653        0.07292
        77         2      0.0142951        41014.3        41014.4        2.31886       0.410961        0.07292
        77         3      0.0142951        41014.3        41014.4        2.39367       0.410448        0.07292
        77         4      0.0142951        41014.3        41014.4        2.59248       0.410854        0.07292
        77         5      0.0142951        41014.3        41014.4        2.59754       0.411145        0.07292
        78         1      0.0129955        41014.3        41014.3        2.31937       0.394027        0.07292
        78         2      0.0129955        41014.3        41014.3        2.39065       0.538287        0.04862
        78         3      0.0129955        41014.3        41014.3        2.34254       0.393949        0.07293
        78         4      0.0129955        41014.3        41014.3        2.58837       0.538545        0.04862
        78         5      0.0129955        41014.3        41014.3        2.61413        0.39395        0.07293
        79         1      0.0118141        41014.3        41014.3        2.19464       0.521718        0.04862
        79         2      0.0118141        41014.3        41014.3        2.20162       0.377752        0.07293
        79         3      0.0118141        41014.3        41014.3         2.1463       0.521734        0.04862
        79         4      0.0118141        41014.3        41014.3        2.16405       0.377295        0.07293
        79         5      0.0118141        41014.3        41014.3        2.20017       0.521744        0.04862
        80         1      0.0107401        41014.3        41014.3        1.60918       0.362038        0.07293
        80         2      0.0107401        41014.3        41014.3        1.91704       0.505143        0.04862
        80         3      0.0107401        41014.3        41014.3        1.90563       0.361647        0.07293
        80         4      0.0107401        41014.3        41014.3        1.90739       0.504495        0.04862
        80         5      0.0107401        41014.3        41014.3        1.91301       0.361636        0.07293
        81         1     0.00976372        41014.3        41014.3        1.62239       0.487205        0.04862
        81         2     0.00976372        41014.3        41014.3        1.75532       0.487167        0.04862
        81         3     0.00976372        41014.3        41014.3        1.88328       0.487689        0.04862
        81         4     0.00976372        41014.3        41014.3        1.88052       0.487623        0.04862
        81         5     0.00976372        41014.3        41014.3        1.86683       0.487421        0.04862
        82         1     0.00887611        41014.3        41014.3        1.38902       0.470124        0.04862
        82         2     0.00887611        41014.3        41014.3        1.37423       0.470709        0.04862
        82         3     0.00887611        41014.3        41014.3        1.46828       0.470069        0.04862
        82         4     0.00887611        41014.3        41014.3        1.45206       0.470339        0.04862
        82         5     0.00887611        41014.3        41014.3        1.70213       0.470166        0.04862
        83         1     0.00806919        41014.3        41014.3         1.4882       0.453292        0.04862
        83         2     0.00806919        41014.3        41014.3        1.49413       0.453113        0.04862
        83         3     0.00806919        41014.3        41014.3        1.46887        0.45274        0.04862
        83         4     0.00806919        41014.3        41014.3         1.4953       0.453014        0.04862
        83         5     0.00806919        41014.3        41014.3        1.48053        0.45319        0.04862
        84         1     0.00733563        41014.3        41014.3        1.26461       0.436227        0.04862
        84         2     0.00733563        41014.3        41014.3        1.26723       0.436152        0.04862
        84         3     0.00733563        41014.3        41014.3        1.30182       0.436165        0.04862
        84         4     0.00733563        41014.3        41014.3        1.32103       0.436018        0.04862
        84         5     0.00733563        41014.3        41014.3        1.31078       0.436012        0.04862
        85         1     0.00666875        41014.3        41014.3        1.24403        0.41865        0.04862
        85         2     0.00666875        41014.3        41014.3        1.22759       0.418931        0.04862
        85         3     0.00666875        41014.3        41014.3        1.24119       0.419012        0.04862
        85         4     0.00666875        41014.3        41014.3        1.24122        0.41909        0.04862
        85         5     0.00666875        41014.3        41014.3        1.24853       0.418894        0.04862
        86         1      0.0060625        41014.3        41014.3        1.05064       0.402558        0.04862
        86         2      0.0060625        41014.3        41014.3        1.08814       0.402599        0.04862
        86         3      0.0060625        41014.3        41014.3        1.09601       0.402262        0.04862
        86         4      0.0060625        41014.3        41014.3        1.06883       0.402095        0.04862
        86         5      0.0060625        41014.3        41014.3        1.09064       0.402216        0.04862
        87         1     0.00551136        41014.3        41014.3       0.957108       0.386193        0.04862
        87         2     0.00551136        41014.3        41014.3       0.945547       0.530451        0.03242
        87         3     0.00551136        41014.3        41014.3       0.957122       0.385951        0.04863
        87         4     0.00551136        41014.3        41014.3         1.0354       0.529782        0.03242
        87         5     0.00551136        41014.3        41014.3        1.03313       0.385588        0.04863
        88         1     0.00501033        41014.3        41014.3       0.783627       0.513109        0.03242
        88         2     0.00501033        41014.3        41014.3       0.942398       0.369446        0.04863
        88         3     0.00501033        41014.3        41014.3       0.972625       0.513048        0.03242
        88         4     0.00501033        41014.3        41014.3       0.982719       0.369702        0.04863
        88         5     0.00501033        41014.3        41014.3       0.978537       0.512917        0.03242
        89         1     0.00455485        41014.3        41014.3       0.807428       0.353712        0.04863
        89         2     0.00455485        41014.3        41014.3        0.84998       0.496138        0.03242
        89         3     0.00455485        41014.3        41014.3       0.840816       0.495805        0.03242
        89         4     0.00455485        41014.3        41014.3       0.848241       0.495771        0.03242
        89         5     0.00455485        41014.3        41014.3        1.10093       0.496399        0.03242
        90         1     0.00414077        41014.3        41014.3       0.685561        0.47852        0.03242
        90         2     0.00414077        41014.3        41014.3       0.736698       0.478794        0.03242
        90         3     0.00414077        41014.3        41014.3       0.731163       0.479233        0.03242
        90         4     0.00414077        41014.3        41014.3       0.729028       0.479123        0.03242
        90         5     0.00414077        41014.3        41014.3       0.728963       0.478697        0.03242
        91         1     0.00376434        41014.2        41014.3       0.601965       0.461722        0.03242
        91         2     0.00376434        41014.2        41014.3       0.648078       0.461606        0.03242
        91         3     0.00376434        41014.2        41014.3       0.656863       0.461778        0.03242
        91         4     0.00376434        41014.2        41014.3        0.65587       0.461789        0.03242
        91         5     0.00376434        41014.2        41014.3       0.653009       0.461937        0.03242
        92         1     0.00342212        41014.2        41014.3       0.546903        0.44459        0.03242
        92         2     0.00342212        41014.2        41014.3       0.632151       0.444335        0.03242
        92         3     0.00342212        41014.2        41014.3       0.615103       0.444201        0.03242
        92         4     0.00342212        41014.2        41014.3       0.633275       0.445131        0.03242
        92         5     0.00342212        41014.2        41014.3       0.616088       0.444604        0.03242
        93         1     0.00311102        41014.2        41014.2       0.532947        0.42763        0.03242
        93         2     0.00311102        41014.2        41014.2       0.541327       0.427834        0.03242
        93         3     0.00311102        41014.2        41014.2       0.529273       0.427849        0.03242
        93         4     0.00311102        41014.2        41014.2       0.538781       0.427461        0.03242
        93         5     0.00311102        41014.2        41014.2       0.562067       0.427075        0.03242
        94         1      0.0028282        41014.2        41014.2        0.45415       0.410324        0.03242
        94         2      0.0028282        41014.2        41014.2        0.46106       0.410213        0.03242
        94         3      0.0028282        41014.2        41014.2       0.524003       0.410733        0.03242
        94         4      0.0028282        41014.2        41014.2       0.519943       0.410485        0.03242
        94         5      0.0028282        41014.2        41014.2       0.534713       0.410844        0.03242
        95         1     0.00257109        41014.2        41014.2       0.438087        0.39401        0.03242
        95         2     0.00257109        41014.2        41014.2        0.43465       0.538251        0.02162
        95         3     0.00257109        41014.2        41014.2       0.501732       0.393791        0.03243
        95         4     0.00257109        41014.2        41014.2       0.509692       0.537889        0.02162
        95         5     0.00257109        41014.2        41014.2       0.506645       0.393777        0.03243
        96         1     0.00233736        41014.2        41014.2       0.359838       0.521583        0.02162
        96         2     0.00233736        41014.2        41014.2        0.38301       0.377699        0.03243
        96         3     0.00233736        41014.2        41014.2       0.562096       0.521423        0.02162
        96         4     0.00233736        41014.2        41014.2       0.561957       0.377612        0.03243
        96         5     0.00233736        41014.2        41014.2       0.558096       0.521229        0.02162
        97         1     0.00212487        41014.2        41014.2       0.349194       0.361331        0.03243
        97         2     0.00212487        41014.2        41014.2       0.377125       0.504501        0.02162
        97         3     0.00212487        41014.2        41014.2        0.38456       0.361609        0.03243
        97         4     0.00212487        41014.2        41014.2       0.381523       0.504422        0.02162
        97         5     0.00212487        41014.2        41014.2       0.380879       0.361567        0.03243
        98         1      0.0019317        41014.2        41014.2       0.378271        0.48759        0.02162
        98         2      0.0019317        41014.2        41014.2       0.384875       0.487507        0.02162
        98         3      0.0019317        41014.2        41014.2       0.385537       0.487418        0.02162
        98         4      0.0019317        41014.2        41014.2       0.382593       0.487501        0.02162
        98         5      0.0019317        41014.2        41014.2       0.385477       0.487377        0.02162
        99         1     0.00175609        41014.2        41014.2       0.302628       0.470151        0.02162
        99         2     0.00175609        41014.2        41014.2        0.30076       0.469892        0.02162
        99         3     0.00175609        41014.2        41014.2       0.305802       0.470473        0.02162
        99         4     0.00175609        41014.2        41014.2       0.314493       0.470451        0.02162
        99         5     0.00175609        41014.2        41014.2       0.314959       0.470423        0.02162
       100         1     0.00159645        41014.2        41014.2       0.246575       0.452773        0.02162
       100         2     0.00159645        41014.2        41014.2       0.289184       0.452611        0.02162
       100         3     0.00159645        41014.2        41014.2       0.291965       0.453129        0.02162
       100         4     0.00159645        41014.2        41014.2        0.28839        0.45264        0.02162
       100         5     0.00159645        41014.2        41014.2       0.329959       0.453119        0.02162
       101         1     0.00145131        41014.2        41014.2       0.233793       0.435868        0.02162
       101         2     0.00145131        41014.2        41014.2       0.236941       0.435967        0.02162
       101         3     0.00145131        41014.2        41014.2       0.236112       0.435748        0.02162
       101         4     0.00145131        41014.2        41014.2       0.238258       0.436058        0.02162
       101         5     0.00145131        41014.2        41014.2       0.284695       0.436122        0.02162
       102         1     0.00131938        41014.2        41014.2       0.234135       0.418725        0.02162
       102         2     0.00131938        41014.2        41014.2       0.237826       0.419102        0.02162
       102         3     0.00131938        41014.2        41014.2       0.242538       0.418998        0.02162
       102         4     0.00131938        41014.2        41014.2       0.238975        0.41914        0.02162
       102         5     0.00131938        41014.2        41014.2       0.239541       0.418676        0.02162
       103         1     0.00119943        41014.2        41014.2       0.206535       0.402385        0.02162
       103         2     0.00119943        41014.2        41014.2       0.209062       0.402672        0.02162
       103         3     0.00119943        41014.2        41014.2       0.209045       0.402203        0.02162
       103         4     0.00119943        41014.2        41014.2       0.210884       0.402292        0.02162
       103         5     0.00119943        41014.2        41014.2       0.209568       0.402291        0.02162
       104         1     0.00109039        41014.2        41014.2       0.178898       0.385704        0.02162
       104         2     0.00109039        41014.2        41014.2       0.183648       0.529851        0.01442
       104         3     0.00109039        41014.2        41014.2        0.21045       0.385419        0.02163
       104         4     0.00109039        41014.2        41014.2       0.207896       0.529526        0.01442
       104         5     0.00109039        41014.2        41014.2       0.210193       0.385691        0.02163
       105         1    0.000991267        41014.2        41014.2       0.177161       0.512738        0.01442
       105         2    0.000991267        41014.2        41014.2       0.179942       0.369605        0.02163
       105         3    0.000991267        41014.2        41014.2       0.182593       0.512799        0.01442
       105         4    0.000991267        41014.2        41014.2       0.187861       0.369553        0.02163
       105         5    0.000991267        41014.2        41014.2       0.189298       0.513197        0.01442
       106         1    0.000901152        41014.2        41014.2       0.142088       0.353656        0.02163
       106         2    0.000901152        41014.2        41014.2       0.153631       0.495902        0.01442
       106         3    0.000901152        41014.2        41014.2       0.152553       0.495857        0.01442
       106         4    0.000901152        41014.2        41014.2       0.152105       0.495808        0.01442
       106         5    0.000901152        41014.2        41014.2       0.169296       0.495725        0.01442
       107         1    0.000819229        41014.2        41014.2       0.127868        0.47877        0.01442
       107         2    0.000819229        41014.2        41014.2       0.141309       0.478394        0.01442
       107         3    0.000819229        41014.2        41014.2       0.144263       0.478781        0.01442
       107         4    0.000819229        41014.2        41014.2       0.156663       0.478838        0.01442
       107         5    0.000819229        41014.2        41014.2       0.156116        0.47845        0.01442
       108         1    0.000744754        41014.2        41014.2       0.117994       0.461337        0.01442
       108         2    0.000744754        41014.2        41014.2       0.140746       0.461774        0.01442
       108         3    0.000744754        41014.2        41014.2       0.137846       0.461672        0.01442
       108         4    0.000744754        41014.2        41014.2       0.140402       0.461378        0.01442
       108         5    0.000744754        41014.2        41014.2       0.139437        0.46155        0.01442
       109         1    0.000677049        41014.2        41014.2       0.108769       0.444438        0.01442
       109         2    0.000677049        41014.2        41014.2       0.113459       0.444513        0.01442
       109         3    0.000677049        41014.2        41014.2       0.130942       0.444671        0.01442
       109         4    0.000677049        41014.2        41014.2       0.127425        0.44395        0.01442
       109         5    0.000677049        41014.2        41014.2       0.127873       0.444389        0.01442
       110         1    0.000615499        41014.2        41014.2       0.097893       0.427217        0.01442
       110         2    0.000615499        41014.2        41014.2       0.104411       0.426786        0.01442
       110         3    0.000615499        41014.2        41014.2       0.105905        0.42712        0.01442
       110         4    0.000615499        41014.2        41014.2       0.107349       0.427254        0.01442
       110         5    0.000615499        41014.2        41014.2       0.107646       0.427254        0.01442
       111         1    0.000559544        41014.2        41014.2      0.0860469       0.410809        0.01442
       111         2    0.000559544        41014.2        41014.2       0.101369       0.410602        0.01442
       111         3    0.000559544        41014.2        41014.2       0.100561       0.410179        0.01442
       111         4    0.000559544        41014.2        41014.2        0.11123       0.410288        0.01442
       111         5    0.000559544        41014.2        41014.2        0.11229       0.411162        0.01442
       112         1    0.000508677        41014.2        41014.2      0.0763523       0.393325        0.01442
       112         2    0.000508677        41014.2        41014.2      0.0915248       0.537853        0.00962
       112         3    0.000508677        41014.2        41014.2      0.0931731        0.39357        0.01443
       112         4    0.000508677        41014.2        41014.2      0.0986536       0.538064        0.00962
       112         5    0.000508677        41014.2        41014.2      0.0999112       0.393958        0.01443
       113         1    0.000462433        41014.2        41014.2       0.075502        0.52119        0.00962
       113         2    0.000462433        41014.2        41014.2      0.0754629       0.376955        0.01443
       113         3    0.000462433        41014.2        41014.2      0.0826884       0.520667        0.00962
       113         4    0.000462433        41014.2        41014.2      0.0871896       0.377518        0.01443
       113         5    0.000462433        41014.2        41014.2      0.0899547       0.520995        0.00962
       114         1    0.000420394        41014.2        41014.2       0.065698        0.36138        0.01443
       114         2    0.000420394        41014.2        41014.2      0.0703995       0.503864        0.00962
       114         3    0.000420394        41014.2        41014.2      0.0726561        0.36118        0.01443
       114         4    0.000420394        41014.2        41014.2       0.090353       0.503977        0.00962
       114         5    0.000420394        41014.2        41014.2      0.0896707       0.360746        0.01443
       115         1    0.000382176        41014.2        41014.2      0.0605983       0.486599        0.00962
       115         2    0.000382176        41014.2        41014.2      0.0606706       0.487197        0.00962
       115         3    0.000382176        41014.2        41014.2      0.0723329       0.486621        0.00962
       115         4    0.000382176        41014.2        41014.2      0.0725593       0.486642        0.00962
       115         5    0.000382176        41014.2        41014.2       0.071836       0.487249        0.00962
       116         1    0.000347433        41014.2        41014.2      0.0615168       0.469646        0.00962
       116         2    0.000347433        41014.2        41014.2      0.0622864       0.469695        0.00962
       116         3    0.000347433        41014.2        41014.2      0.0620507        0.46972        0.00962
       116         4    0.000347433        41014.2        41014.2      0.0714697       0.470091        0.00962
       116         5    0.000347433        41014.2        41014.2      0.0718046       0.469746        0.00962
       117         1    0.000315848        41014.2        41014.2      0.0550779       0.452233        0.00962
       117         2    0.000315848        41014.2        41014.2      0.0553459       0.452692        0.00962
       117         3    0.000315848        41014.2        41014.2      0.0619069       0.452782        0.00962
       117         4    0.000315848        41014.2        41014.2      0.0620125       0.452738        0.00962
       117         5    0.000315848        41014.2        41014.2       0.061214        0.45252        0.00962
       118         1    0.000287135        41014.2        41014.2      0.0501123       0.436098        0.00962
       118         2    0.000287135        41014.2        41014.2      0.0492774       0.435507        0.00962
       118         3    0.000287135        41014.2        41014.2       0.054006       0.435349        0.00962
       118         4    0.000287135        41014.2        41014.2       0.053947       0.435433        0.00962
       118         5    0.000287135        41014.2        41014.2      0.0561136       0.435752        0.00962
       119         1    0.000261032        41014.2        41014.2      0.0435782       0.418904        0.00962
       119         2    0.000261032        41014.2        41014.2      0.0455427       0.419052        0.00962
       119         3    0.000261032        41014.2        41014.2      0.0486211       0.418783        0.00962
       119         4    0.000261032        41014.2        41014.2      0.0479804       0.418399        0.00962
       119         5    0.000261032        41014.2        41014.2      0.0481561       0.418863        0.00962
       120         1    0.000237301        41014.2        41014.2      0.0396424       0.401845        0.00962
       120         2    0.000237301        41014.2        41014.2      0.0485265       0.401636        0.00962
       120         3    0.000237301        41014.2        41014.2      0.0490679       0.402099        0.00962
       120         4    0.000237301        41014.2        41014.2      0.0485602       0.401492        0.00962
       120         5    0.000237301        41014.2        41014.2      0.0493727       0.402428        0.00962
       121         1    0.000215729        41014.2        41014.2      0.0423465       0.384967        0.00962
       121         2    0.000215729        41014.2        41014.2      0.0422957       0.529144        0.00642
       121         3    0.000215729        41014.2        41014.2      0.0429256       0.384687        0.00963
       121         4    0.000215729        41014.2        41014.2      0.0425516       0.529062        0.00642
       121         5    0.000215729        41014.2        41014.2      0.0427223       0.384847        0.00963
       122         1    0.000196117        41014.2        41014.2      0.0318506       0.512229        0.00642
       122         2    0.000196117        41014.2        41014.2       0.034337       0.368674        0.00963
       122         3    0.000196117        41014.2        41014.2      0.0342132       0.512407        0.00642
       122         4    0.000196117        41014.2        41014.2      0.0341368       0.368786        0.00963
       122         5    0.000196117        41014.2        41014.2      0.0359919       0.511766        0.00642
       123         1    0.000178288        41014.2        41014.2      0.0270697        0.35289        0.00963
       123         2    0.000178288        41014.2        41014.2      0.0281534       0.495524        0.00642
       123         3    0.000178288        41014.2        41014.2      0.0298556       0.494805        0.00642
       123         4    0.000178288        41014.2        41014.2      0.0355705       0.495416        0.00642
       123         5    0.000178288        41014.2        41014.2      0.0352001       0.495243        0.00642
       124         1     0.00016208        41014.2        41014.2      0.0289954       0.478348        0.00642
       124         2     0.00016208        41014.2        41014.2      0.0293014       0.477939        0.00642
       124         3     0.00016208        41014.2        41014.2      0.0295859       0.478192        0.00642
       124         4     0.00016208        41014.2        41014.2      0.0286651       0.477388        0.00642
       124         5     0.00016208        41014.2        41014.2      0.0292197       0.478277        0.00642
       125         1    0.000147346        41014.2        41014.2       0.025777       0.460542        0.00642
       125         2    0.000147346        41014.2        41014.2      0.0253335       0.460464        0.00642
       125         3    0.000147346        41014.2        41014.2      0.0254119       0.460797        0.00642
       125         4    0.000147346        41014.2        41014.2      0.0255035       0.460315        0.00642
       125         5    0.000147346        41014.2        41014.2      0.0272994       0.460254        0.00642
       126         1    0.000133951        41014.2        41014.2      0.0228762       0.443311        0.00642
       126         2    0.000133951        41014.2        41014.2      0.0230064       0.443826        0.00642
       126         3    0.000133951        41014.2        41014.2      0.0228784       0.443671        0.00642
       126         4    0.000133951        41014.2        41014.2      0.0227964       0.443473        0.00642
       126         5    0.000133951        41014.2        41014.2      0.0245969       0.443696        0.00642
       127         1    0.000121773        41014.2        41014.2       0.020586       0.426471        0.00642
       127         2    0.000121773        41014.2        41014.2      0.0207309       0.426593        0.00642
       127         3    0.000121773        41014.2        41014.2      0.0209788       0.426432        0.00642
       127         4    0.000121773        41014.2        41014.2      0.0204367       0.426213        0.00642
       127         5    0.000121773        41014.2        41014.2       0.021318        0.42677        0.00642
       128         1    0.000110703        41014.2        41014.2      0.0191013        0.41006        0.00642
       128         2    0.000110703        41014.2        41014.2      0.0205315       0.409268        0.00642
       128         3    0.000110703        41014.2        41014.2      0.0203215       0.410041        0.00642
       128         4    0.000110703        41014.2        41014.2      0.0206243       0.409841        0.00642
       128         5    0.000110703        41014.2        41014.2      0.0207885       0.409628        0.00642
       129         1    0.000100639        41014.2        41014.2      0.0158315       0.393023        0.00642
       129         2    0.000100639        41014.2        41014.2      0.0174277       0.537261        0.00428
       129         3    0.000100639        41014.2        41014.2      0.0175959        0.39304        0.00642
       129         4    0.000100639        41014.2        41014.2      0.0199957       0.537279        0.00428
       129         5    0.000100639        41014.2        41014.2      0.0205634       0.392858        0.00642
       130         1      9.149e-05        41014.2        41014.2      0.0151722       0.520582        0.00428
       130         2      9.149e-05        41014.2        41014.2       0.015358       0.376811        0.00642
       130         3      9.149e-05        41014.2        41014.2      0.0150447       0.520251        0.00428
       130         4      9.149e-05        41014.2        41014.2      0.0157014       0.377125        0.00642
       130         5      9.149e-05        41014.2        41014.2       0.015288       0.520127        0.00428
       131         1    8.31727e-05        41014.2        41014.2      0.0136542       0.360473        0.00642
       131         2    8.31727e-05        41014.2        41014.2        0.01368       0.503221        0.00428
       131         3    8.31727e-05        41014.2        41014.2      0.0150966       0.360582        0.00642
       131         4    8.31727e-05        41014.2        41014.2       0.015051       0.503268        0.00428
       131         5    8.31727e-05        41014.2        41014.2      0.0150161       0.361024        0.00642
       132         1    7.56116e-05        41014.2        41014.2      0.0135276        0.48608        0.00428
       132         2    7.56116e-05        41014.2        41014.2       0.013233       0.486145        0.00428
       132         3    7.56116e-05        41014.2        41014.2      0.0146502       0.486091        0.00428
       132         4    7.56116e-05        41014.2        41014.2       0.014795       0.486021        0.00428
       132         5    7.56116e-05        41014.2        41014.2      0.0147331       0.485995        0.00428
       133         1    6.87378e-05        41014.2        41014.2      0.0129163       0.469349        0.00428
       133         2    6.87378e-05        41014.2        41014.2      0.0138286       0.469327        0.00428
       133         3    6.87378e-05        41014.2        41014.2      0.0139541       0.468948        0.00428
       133         4    6.87378e-05        41014.2        41014.2      0.0138427       0.469248        0.00428
       133         5    6.87378e-05        41014.2        41014.2      0.0136943       0.468851        0.00428
       134         1    6.24889e-05        41014.2        41014.2     0.00968945       0.451884        0.00428
       134         2    6.24889e-05        41014.2        41014.2     0.00972794       0.451954        0.00428
       134         3    6.24889e-05        41014.2        41014.2       0.010905       0.452164        0.00428
       134         4    6.24889e-05        41014.2        41014.2      0.0110151       0.451949        0.00428
       134         5    6.24889e-05        41014.2        41014.2       0.011167       0.452032        0.00428
       135         1    5.68081e-05        41014.2        41014.2       0.010306       0.434809        0.00428
       135         2    5.68081e-05        41014.2        41014.2      0.0102154       0.434826        0.00428
       135         3    5.68081e-05        41014.2        41014.2      0.0100962       0.435142        0.00428
       135         4    5.68081e-05        41014.2        41014.2      0.0102755       0.434783        0.00428
       135         5    5.68081e-05        41014.2        41014.2      0.0102695       0.434696        0.00428
       136         1    5.16437e-05        41014.2        41014.2     0.00836881       0.418236        0.00428
       136         2    5.16437e-05        41014.2        41014.2     0.00927281        0.41751        0.00428
       136         3    5.16437e-05        41014.2        41014.2     0.00934385       0.417723        0.00428
       136         4    5.16437e-05        41014.2        41014.2        0.01031       0.418238        0.00428
       136         5    5.16437e-05        41014.2        41014.2      0.0103721       0.418048        0.00428
       137         1    4.69488e-05        41014.2        41014.2     0.00808147       0.401446        0.00428
       137         2    4.69488e-05        41014.2        41014.2     0.00807792       0.401226        0.00428
       137         3    4.69488e-05        41014.2        41014.2     0.00810787       0.401061        0.00428
       137         4    4.69488e-05        41014.2        41014.2     0.00818104       0.401106        0.00428
       137         5    4.69488e-05        41014.2        41014.2      0.0080146       0.401253        0.00428
       138         1    4.26808e-05        41014.2        41014.2     0.00738748       0.384465        0.00428
       138         2    4.26808e-05        41014.2        41014.2      0.0082666       0.527869        0.00286
       138         3    4.26808e-05        41014.2        41014.2     0.00819242        0.38387        0.00429
       138         4    4.26808e-05        41014.2        41014.2     0.00842772       0.527547        0.00286
       138         5    4.26808e-05        41014.2        41014.2     0.00845799       0.383978        0.00429
       139         1    3.88007e-05        41014.2        41014.2     0.00692683       0.510791        0.00286
       139         2    3.88007e-05        41014.2        41014.2     0.00686125       0.367709        0.00429
       139         3    3.88007e-05        41014.2        41014.2     0.00690937       0.510406        0.00286
       139         4    3.88007e-05        41014.2        41014.2     0.00695635       0.367926        0.00429
       139         5    3.88007e-05        41014.2        41014.2     0.00690074        0.51077        0.00286
       140         1    3.52734e-05        41014.2        41014.2     0.00575924       0.352059        0.00429
       140         2    3.52734e-05        41014.2        41014.2     0.00571391       0.493784        0.00286
       140         3    3.52734e-05        41014.2        41014.2     0.00649066       0.494094        0.00286
       140         4    3.52734e-05        41014.2        41014.2     0.00653759       0.493916        0.00286
       140         5    3.52734e-05        41014.2        41014.2      0.0065371       0.493651        0.00286
       141         1    3.20667e-05        41014.2        41014.2     0.00500883       0.476371        0.00286
       141         2    3.20667e-05        41014.2        41014.2     0.00514756       0.476721        0.00286
       141         3    3.20667e-05        41014.2        41014.2     0.00507328       0.476288        0.00286
       141         4    3.20667e-05        41014.2        41014.2     0.00609126        0.47672        0.00286
       141         5    3.20667e-05        41014.2        41014.2     0.00605462       0.476614        0.00286
       142         1    2.91515e-05        41014.2        41014.2     0.00518636       0.459447        0.00286
       142         2    2.91515e-05        41014.2        41014.2     0.00517225       0.459543        0.00286
       142         3    2.91515e-05        41014.2        41014.2     0.00522956       0.459106        0.00286
       142         4    2.91515e-05        41014.2        41014.2     0.00574837       0.459019        0.00286
       142         5    2.91515e-05        41014.2        41014.2     0.00582525       0.459637        0.00286
       143         1    2.65014e-05        41014.2        41014.2     0.00482292       0.441978        0.00286
       143         2    2.65014e-05        41014.2        41014.2     0.00478625       0.442013        0.00286
       143         3    2.65014e-05        41014.2        41014.2     0.00481879       0.441686        0.00286
       143         4    2.65014e-05        41014.2        41014.2     0.00478336       0.442131        0.00286
       143         5    2.65014e-05        41014.2        41014.2     0.00485261       0.441946        0.00286
       144         1    2.40922e-05        41014.2        41014.2      0.0037973       0.424907        0.00286
       144         2    2.40922e-05        41014.2        41014.2      0.0040789       0.425323        0.00286
       144         3    2.40922e-05        41014.2        41014.2     0.00432838       0.424617        0.00286
       144         4    2.40922e-05        41014.2        41014.2     0.00439314       0.425048        0.00286
       144         5    2.40922e-05        41014.2        41014.2     0.00438787       0.424931        0.00286
       145         1     2.1902e-05        41014.2        41014.2     0.00315284       0.408587        0.00286
       145         2     2.1902e-05        41014.2        41014.2     0.00379419       0.408013        0.00286
       145         3     2.1902e-05        41014.2        41014.2     0.00384094       0.408479        0.00286
       145         4     2.1902e-05        41014.2        41014.2     0.00376726       0.408005        0.00286
       145         5     2.1902e-05        41014.2        41014.2      0.0039967       0.408559        0.00286
       146         1    1.99109e-05        41014.2        41014.2     0.00423048       0.391154        0.00286
       146         2    1.99109e-05        41014.2        41014.2     0.00430613        0.53506        0.00191
       146         3    1.99109e-05        41014.2        41014.2     0.00419962       0.390597        0.00287
       146         4    1.99109e-05        41014.2        41014.2     0.00432419       0.532953        0.00192
       146         5    1.99109e-05        41014.2        41014.2     0.00429976       0.389083        0.00288
       147         1    1.81008e-05        41014.2        41014.2     0.00312453       0.515893        0.00192
       147         2    1.81008e-05        41014.2        41014.2     0.00315026       0.372783        0.00288
       147         3    1.81008e-05        41014.2        41014.2     0.00329435       0.516146        0.00192
       147         4    1.81008e-05        41014.2        41014.2     0.00325638       0.373322        0.00288
       147         5    1.81008e-05        41014.2        41014.2     0.00328929       0.516038        0.00192
       148         1    1.64553e-05        41014.2        41014.2     0.00275328       0.357293        0.00288
       148         2    1.64553e-05        41014.2        41014.2     0.00276145       0.498911        0.00192
       148         3    1.64553e-05        41014.2        41014.2      0.0028232       0.499349        0.00192
       148         4    1.64553e-05        41014.2        41014.2     0.00281483       0.499354        0.00192
       148         5    1.64553e-05        41014.2        41014.2     0.00280868       0.499045        0.00192
       149         1    1.49593e-05        41014.2        41014.2     0.00246691       0.481949        0.00192
       149         2    1.49593e-05        41014.2        41014.2     0.00247985       0.481398        0.00192
       149         3    1.49593e-05        41014.2        41014.2     0.00255833       0.482562        0.00192
       149         4    1.49593e-05        41014.2        41014.2      0.0027421       0.481987        0.00192
       149         5    1.49593e-05        41014.2        41014.2     0.00268559       0.481909        0.00192
       150         1    1.35994e-05        41014.2        41014.2     0.00237728        0.46441        0.00192
       150         2    1.35994e-05        41014.2        41014.2     0.00247256       0.464603        0.00192
       150         3    1.35994e-05        41014.2        41014.2     0.00252393       0.464215        0.00192
       150         4    1.35994e-05        41014.2        41014.2     0.00252365       0.464813        0.00192
       150         5    1.35994e-05        41014.2        41014.2     0.00256031       0.464961        0.00192
       151         1    1.23631e-05        41014.2        41014.2     0.00217392       0.447852        0.00192
       151         2    1.23631e-05        41014.2        41014.2       0.002427       0.447404        0.00192
       151         3    1.23631e-05        41014.2        41014.2     0.00243453       0.447663        0.00192
       151         4    1.23631e-05        41014.2        41014.2     0.00242018       0.447823        0.00192
       151         5    1.23631e-05        41014.2        41014.2     0.00241985       0.447443        0.00192
       152         1    1.12392e-05        41014.2        41014.2     0.00167406       0.430535        0.00192
       152         2    1.12392e-05        41014.2        41014.2     0.00191474       0.430217        0.00192
       152         3    1.12392e-05        41014.2        41014.2     0.00188256       0.430763        0.00192
       152         4    1.12392e-05        41014.2        41014.2       0.001929         0.4303        0.00192
       152         5    1.12392e-05        41014.2        41014.2     0.00194845       0.430289        0.00192
       153         1    1.02174e-05        41014.2        41014.2     0.00184723       0.413575        0.00192
       153         2    1.02174e-05        41014.2        41014.2     0.00183357       0.413989        0.00192
       153         3    1.02174e-05        41014.2        41014.2     0.00184783       0.413597        0.00192
       153         4    1.02174e-05        41014.2        41014.2     0.00183518       0.413505        0.00192
       153         5    1.02174e-05        41014.2        41014.2     0.00187316       0.414047        0.00192
       154         1    9.28858e-06        41014.2        41014.2     0.00140506       0.396609        0.00192
       154         2    9.28858e-06        41014.2        41014.2     0.00145075       0.540255        0.00128
       154         3    9.28858e-06        41014.2        41014.2     0.00154007       0.396844        0.00192
       154         4    9.28858e-06        41014.2        41014.2     0.00161061       0.540758        0.00128
       154         5    9.28858e-06        41014.2        41014.2     0.00161206       0.396411        0.00192
       155         1    8.44416e-06        41014.2        41014.2     0.00141621       0.523844        0.00128
       155         2    8.44416e-06        41014.2        41014.2     0.00155723       0.379918        0.00192
       155         3    8.44416e-06        41014.2        41014.2     0.00157868       0.523758        0.00128
       155         4    8.44416e-06        41014.2        41014.2     0.00157404       0.380453        0.00192
       155         5    8.44416e-06        41014.2        41014.2     0.00157081       0.523354        0.00128
       156         1    7.67651e-06        41014.2        41014.2     0.00151204       0.364167        0.00192
       156         2    7.67651e-06        41014.2        41014.2     0.00152162       0.506588        0.00128
       156         3    7.67651e-06        41014.2        41014.2     0.00151724       0.364098        0.00192
       156         4    7.67651e-06        41014.2        41014.2     0.00151619       0.506866        0.00128
       156         5    7.67651e-06        41014.2        41014.2     0.00150081       0.363629        0.00192
       157         1    6.97865e-06        41014.2        41014.2     0.00124207       0.489669        0.00128
       157         2    6.97865e-06        41014.2        41014.2      0.0012325       0.489958        0.00128
       157         3    6.97865e-06        41014.2        41014.2     0.00138851       0.489687        0.00128
       157         4    6.97865e-06        41014.2        41014.2     0.00140767       0.489511        0.00128
       157         5    6.97865e-06        41014.2        41014.2      0.0013943       0.489465        0.00128
       158         1    6.34422e-06        41014.2        41014.2     0.00100623       0.472142        0.00128
       158         2    6.34422e-06        41014.2        41014.2     0.00117186       0.472418        0.00128
       158         3    6.34422e-06        41014.2        41014.2     0.00114492        0.47222        0.00128
       158         4    6.34422e-06        41014.2        41014.2     0.00115987       0.472229        0.00128
       158         5    6.34422e-06        41014.2        41014.2     0.00116279       0.472676        0.00128
       159         1    5.76748e-06        41014.2        41014.2    0.000948951       0.455786        0.00128
       159         2    5.76748e-06        41014.2        41014.2     0.00100405       0.454785        0.00128
       159         3    5.76748e-06        41014.2        41014.2       0.001008       0.455308        0.00128
       159         4    5.76748e-06        41014.2        41014.2     0.00100414       0.454643        0.00128
       159         5    5.76748e-06        41014.2        41014.2     0.00111252       0.454529        0.00128
       160         1    5.24316e-06        41014.2        41014.2    0.000840083        0.43821        0.00128
       160         2    5.24316e-06        41014.2        41014.2    0.000828756       0.438217        0.00128
       160         3    5.24316e-06        41014.2        41014.2    0.000951932       0.437512        0.00128
       160         4    5.24316e-06        41014.2        41014.2    0.000938635       0.437954        0.00128
       160         5    5.24316e-06        41014.2        41014.2    0.000978626       0.437845        0.00128
         1         1        3.59718          41009        41016.6        750.559       0.444708        1.24552
         1         2        3.59718          41009        41016.6        750.513       0.444904        1.24552
         1         3        3.59718          41009        41016.5        735.917       0.444776        1.24552
         1         4        3.59718          41009        41016.6        751.682       0.444417        1.24552
         1         5        3.59718          41009        41016.8        767.934       0.444657        1.24552
